<?xml version="1.0" encoding="UTF-8"?>
<!-- Generated by org.testng.reporters.JUnitXMLReporter -->
<testsuite ignored="0" hostname="IND-AbhijitJ-Dell3410" failures="0" tests="12" name="Default test" time="289.798" errors="0" timestamp="2024-06-15T20:26:13 IST">
  <testcase classname="CTT_Demo.ag_Grid_schema_skuQAchk" name="CTT_Login_Page_Displayed_And_Enters_Login_Details" time="8.986"/>
  <testcase classname="CTT_Demo.ag_Grid_schema_skuQAchk" name="Verify_Login_Person_Name" time="4.086"/>
  <testcase classname="CTT_Demo.ag_Grid_schema_skuQAchk" name="open_Specific_Project" time="22.16"/>
  <testcase classname="CTT_Demo.ag_Grid_schema_skuQAchk" name="Open_AGGrid_Screen" time="18.196"/>
  <testcase classname="CTT_Demo.ag_Grid_schema_skuQAchk" name="Verify_The_QA_Checks_Ohm_v_Omega_in_Values_and_UOMs" time="17.749"/>
  <testcase classname="CTT_Demo.ag_Grid_schema_skuQAchk" name="Verify_The_QA_Checks_Dimensions_Without_Space_Separation" time="58.375"/>
  <testcase classname="CTT_Demo.ag_Grid_schema_skuQAchk" name="Verify_The_QA_Checks_Value_Starts_With_Plus_Minus" time="44.135"/>
  <testcase classname="CTT_Demo.ag_Grid_schema_skuQAchk" name="Verify_The_QA_Checks_Metric_UOM_with_Fraction_Check" time="18.321"/>
  <testcase classname="CTT_Demo.ag_Grid_schema_skuQAchk" name="Verify_The_QA_Checks_Text_with_Unit_of_Measure" time="11.699"/>
  <testcase classname="CTT_Demo.ag_Grid_schema_skuQAchk" name="Verify_The_QA_Checks_NA_NR_or_BlankCheck" time="15.998"/>
  <testcase classname="CTT_Demo.ag_Grid_schema_skuQAchk" name="Verify_The_QA_Checks_Single_Letter_Value" time="14.963"/>
  <testcase classname="CTT_Demo.ag_Grid_schema_skuQAchk" name="Verify_The_QA_Checks_Wire_With_Hash_Check" time="55.053"/>
</testsuite> <!-- Default test -->
